19:26:33 **** Incremental Build of configuration Debug for project 3D-scanner ****
make -j16 all 
arm-none-eabi-gcc "../vl53l0x/vl53l0x.c" -mcpu=cortex-m7 -std=gnu11 -g3 -DDEBUG -DUSE_HAL_DRIVER -DSTM32F746xx -c -I../Core/Inc -I../FATFS/Target -I../FATFS/App -I../USB_HOST/App -I../USB_HOST/Target -I../Drivers/STM32F7xx_HAL_Driver/Inc -I../Drivers/STM32F7xx_HAL_Driver/Inc/Legacy -I../Middlewares/Third_Party/FatFs/src -I../Middlewares/ST/STM32_USB_Host_Library/Core/Inc -I../Middlewares/ST/STM32_USB_Host_Library/Class/CDC/Inc -I../Drivers/CMSIS/Device/ST/STM32F7xx/Include -I../Drivers/CMSIS/Include -O0 -ffunction-sections -fdata-sections -Wall -fstack-usage -fcyclomatic-complexity -MMD -MP -MF"vl53l0x/vl53l0x.d" -MT"vl53l0x/vl53l0x.o" --specs=nano.specs -mfpu=fpv5-sp-d16 -mfloat-abi=hard -mthumb -o "vl53l0x/vl53l0x.o"
arm-none-eabi-g++ "../Core/Src/main.cpp" -mcpu=cortex-m7 -std=gnu++14 -g3 -DDEBUG -DUSE_HAL_DRIVER -DSTM32F746xx -c -I../Core/Inc -I../FATFS/Target -I../FATFS/App -I../USB_HOST/App -I../USB_HOST/Target -I../Drivers/STM32F7xx_HAL_Driver/Inc -I../Drivers/STM32F7xx_HAL_Driver/Inc/Legacy -I../Middlewares/Third_Party/FatFs/src -I../Middlewares/ST/STM32_USB_Host_Library/Core/Inc -I../Middlewares/ST/STM32_USB_Host_Library/Class/CDC/Inc -I../Drivers/CMSIS/Device/ST/STM32F7xx/Include -I../Drivers/CMSIS/Include -I.././ -I"C:/Users/lenovo/Desktop/3D_Scanner/3D_Scanner_cpp/DISCO/3D-scanner/Ext_Kalman_filter" -O0 -ffunction-sections -fdata-sections -fno-exceptions -fno-rtti -fno-use-cxa-atexit -Wall -fstack-usage -fcyclomatic-complexity -MMD -MP -MF"Core/Src/main.d" -MT"Core/Src/main.o" --specs=nano.specs -mfpu=fpv5-sp-d16 -mfloat-abi=hard -mthumb -o "Core/Src/main.o"
../Core/Src/main.cpp: In function 'int main()':
../Core/Src/main.cpp:344:11: warning: unused variable 'usbBufLen' [-Wunused-variable]
  344 |   uint8_t usbBufLen;
      |           ^~~~~~~~~
../Core/Src/main.cpp:345:8: warning: unused variable 'vl53l0x_status' [-Wunused-variable]
  345 |   bool vl53l0x_status = VL53L0X_Init(&hi2c3, usbBuf, sizeof(usbBuf));
      |        ^~~~~~~~~~~~~~
arm-none-eabi-g++ -o "3D-scanner.elf" @"objects.list"   -mcpu=cortex-m7 -T"C:\Users\lenovo\Desktop\3D_Scanner\3D_Scanner_cpp\DISCO\3D-scanner\STM32F746NGHX_FLASH.ld" --specs=nosys.specs -Wl,-Map="3D-scanner.map" -Wl,--gc-sections -static -u _printf_float -lm --specs=nano.specs -mfpu=fpv5-sp-d16 -mfloat-abi=hard -mthumb -Wl,--start-group -lc -lm -lstdc++ -lsupc++ -Wl,--end-group
C:/ST/STM32CubeIDE_1.15.1/STM32CubeIDE/plugins/com.st.stm32cube.ide.mcu.externaltools.gnu-tools-for-stm32.12.3.rel1.win32_1.0.100.202403111256/tools/bin/../lib/gcc/arm-none-eabi/12.3.1/../../../../arm-none-eabi/bin/ld.exe: ./Core/Src/main.o: in function `VL53L0X_Init(__I2C_HandleTypeDef*, char*, unsigned int)':
C:/Users/lenovo/Desktop/3D_Scanner/3D_Scanner_cpp/DISCO/3D-scanner/Debug/../Core/Src/main.cpp:219: undefined reference to `initVL53L0X(unsigned char, __I2C_HandleTypeDef*)'
C:/ST/STM32CubeIDE_1.15.1/STM32CubeIDE/plugins/com.st.stm32cube.ide.mcu.externaltools.gnu-tools-for-stm32.12.3.rel1.win32_1.0.100.202403111256/tools/bin/../lib/gcc/arm-none-eabi/12.3.1/../../../../arm-none-eabi/bin/ld.exe: C:/Users/lenovo/Desktop/3D_Scanner/3D_Scanner_cpp/DISCO/3D-scanner/Debug/../Core/Src/main.cpp:221: undefined reference to `setSignalRateLimit(float)'
C:/ST/STM32CubeIDE_1.15.1/STM32CubeIDE/plugins/com.st.stm32cube.ide.mcu.externaltools.gnu-tools-for-stm32.12.3.rel1.win32_1.0.100.202403111256/tools/bin/../lib/gcc/arm-none-eabi/12.3.1/../../../../arm-none-eabi/bin/ld.exe: C:/Users/lenovo/Desktop/3D_Scanner/3D_Scanner_cpp/DISCO/3D-scanner/Debug/../Core/Src/main.cpp:222: undefined reference to `setVcselPulsePeriod(vcselPeriodType, unsigned char)'
C:/ST/STM32CubeIDE_1.15.1/STM32CubeIDE/plugins/com.st.stm32cube.ide.mcu.externaltools.gnu-tools-for-stm32.12.3.rel1.win32_1.0.100.202403111256/tools/bin/../lib/gcc/arm-none-eabi/12.3.1/../../../../arm-none-eabi/bin/ld.exe: C:/Users/lenovo/Desktop/3D_Scanner/3D_Scanner_cpp/DISCO/3D-scanner/Debug/../Core/Src/main.cpp:223: undefined reference to `setVcselPulsePeriod(vcselPeriodType, unsigned char)'
C:/ST/STM32CubeIDE_1.15.1/STM32CubeIDE/plugins/com.st.stm32cube.ide.mcu.externaltools.gnu-tools-for-stm32.12.3.rel1.win32_1.0.100.202403111256/tools/bin/../lib/gcc/arm-none-eabi/12.3.1/../../../../arm-none-eabi/bin/ld.exe: C:/Users/lenovo/Desktop/3D_Scanner/3D_Scanner_cpp/DISCO/3D-scanner/Debug/../Core/Src/main.cpp:224: undefined reference to `setMeasurementTimingBudget(unsigned long)'
C:/ST/STM32CubeIDE_1.15.1/STM32CubeIDE/plugins/com.st.stm32cube.ide.mcu.externaltools.gnu-tools-for-stm32.12.3.rel1.win32_1.0.100.202403111256/tools/bin/../lib/gcc/arm-none-eabi/12.3.1/../../../../arm-none-eabi/bin/ld.exe: ./Core/Src/main.o: in function `main':
C:/Users/lenovo/Desktop/3D_Scanner/3D_Scanner_cpp/DISCO/3D-scanner/Debug/../Core/Src/main.cpp:418: undefined reference to `readRangeSingleMillimeters(statInfo_t_VL53L0X*)'
collect2.exe: error: ld returned 1 exit status
make: *** [makefile:100: 3D-scanner.elf] Error 1
"make -j16 all" terminated with exit code 2. Build might be incomplete.
19:27:00 **** Incremental Build of configuration Debug for project 3D-scanner ****
make -j16 all 
arm-none-eabi-g++ "../Core/Src/main.cpp" -mcpu=cortex-m7 -std=gnu++14 -g3 -DDEBUG -DUSE_HAL_DRIVER -DSTM32F746xx -c -I../Core/Inc -I../FATFS/Target -I../FATFS/App -I../USB_HOST/App -I../USB_HOST/Target -I../Drivers/STM32F7xx_HAL_Driver/Inc -I../Drivers/STM32F7xx_HAL_Driver/Inc/Legacy -I../Middlewares/Third_Party/FatFs/src -I../Middlewares/ST/STM32_USB_Host_Library/Core/Inc -I../Middlewares/ST/STM32_USB_Host_Library/Class/CDC/Inc -I../Drivers/CMSIS/Device/ST/STM32F7xx/Include -I../Drivers/CMSIS/Include -I.././ -I"C:/Users/lenovo/Desktop/3D_Scanner/3D_Scanner_cpp/DISCO/3D-scanner/Ext_Kalman_filter" -O0 -ffunction-sections -fdata-sections -fno-exceptions -fno-rtti -fno-use-cxa-atexit -Wall -fstack-usage -fcyclomatic-complexity -MMD -MP -MF"Core/Src/main.d" -MT"Core/Src/main.o" --specs=nano.specs -mfpu=fpv5-sp-d16 -mfloat-abi=hard -mthumb -o "Core/Src/main.o"
../Core/Src/main.cpp: In function 'uint8_t VL53L0X_Init(I2C_HandleTypeDef*, char*, size_t)':
../Core/Src/main.cpp:219:3: error: 'intVL53L0X' was not declared in this scope; did you mean 'initVL53L0X'?
  219 |   intVL53L0X(1, hi2c);
      |   ^~~~~~~~~~
      |   initVL53L0X
../Core/Src/main.cpp: In function 'int main()':
../Core/Src/main.cpp:344:11: warning: unused variable 'usbBufLen' [-Wunused-variable]
  344 |   uint8_t usbBufLen;
      |           ^~~~~~~~~
../Core/Src/main.cpp:345:8: warning: unused variable 'vl53l0x_status' [-Wunused-variable]
  345 |   bool vl53l0x_status = VL53L0X_Init(&hi2c3, usbBuf, sizeof(usbBuf));
      |        ^~~~~~~~~~~~~~
make: *** [Core/Src/subdir.mk:41: Core/Src/main.o] Error 1
"make -j16 all" terminated with exit code 2. Build might be incomplete.
19:27:43 **** Incremental Build of configuration Debug for project 3D-scanner ****
make -j16 all 
arm-none-eabi-g++ "../Core/Src/main.cpp" -mcpu=cortex-m7 -std=gnu++14 -g3 -DDEBUG -DUSE_HAL_DRIVER -DSTM32F746xx -c -I../Core/Inc -I../FATFS/Target -I../FATFS/App -I../USB_HOST/App -I../USB_HOST/Target -I../Drivers/STM32F7xx_HAL_Driver/Inc -I../Drivers/STM32F7xx_HAL_Driver/Inc/Legacy -I../Middlewares/Third_Party/FatFs/src -I../Middlewares/ST/STM32_USB_Host_Library/Core/Inc -I../Middlewares/ST/STM32_USB_Host_Library/Class/CDC/Inc -I../Drivers/CMSIS/Device/ST/STM32F7xx/Include -I../Drivers/CMSIS/Include -I.././ -I"C:/Users/lenovo/Desktop/3D_Scanner/3D_Scanner_cpp/DISCO/3D-scanner/Ext_Kalman_filter" -O0 -ffunction-sections -fdata-sections -fno-exceptions -fno-rtti -fno-use-cxa-atexit -Wall -fstack-usage -fcyclomatic-complexity -MMD -MP -MF"Core/Src/main.d" -MT"Core/Src/main.o" --specs=nano.specs -mfpu=fpv5-sp-d16 -mfloat-abi=hard -mthumb -o "Core/Src/main.o"
../Core/Src/main.cpp: In function 'int main()':
../Core/Src/main.cpp:344:11: warning: unused variable 'usbBufLen' [-Wunused-variable]
  344 |   uint8_t usbBufLen;
      |           ^~~~~~~~~
../Core/Src/main.cpp:345:8: warning: unused variable 'vl53l0x_status' [-Wunused-variable]
  345 |   bool vl53l0x_status = VL53L0X_Init(&hi2c3, usbBuf, sizeof(usbBuf));
      |        ^~~~~~~~~~~~~~
arm-none-eabi-g++ -o "3D-scanner.elf" @"objects.list"   -mcpu=cortex-m7 -T"C:\Users\lenovo\Desktop\3D_Scanner\3D_Scanner_cpp\DISCO\3D-scanner\STM32F746NGHX_FLASH.ld" --specs=nosys.specs -Wl,-Map="3D-scanner.map" -Wl,--gc-sections -static -u _printf_float -lm --specs=nano.specs -mfpu=fpv5-sp-d16 -mfloat-abi=hard -mthumb -Wl,--start-group -lc -lm -lstdc++ -lsupc++ -Wl,--end-group
C:/ST/STM32CubeIDE_1.15.1/STM32CubeIDE/plugins/com.st.stm32cube.ide.mcu.externaltools.gnu-tools-for-stm32.12.3.rel1.win32_1.0.100.202403111256/tools/bin/../lib/gcc/arm-none-eabi/12.3.1/../../../../arm-none-eabi/bin/ld.exe: ./Core/Src/main.o: in function `VL53L0X_Init(__I2C_HandleTypeDef*, char*, unsigned int)':
C:/Users/lenovo/Desktop/3D_Scanner/3D_Scanner_cpp/DISCO/3D-scanner/Debug/../Core/Src/main.cpp:219: undefined reference to `initVL53L0X(unsigned char, __I2C_HandleTypeDef*)'
C:/ST/STM32CubeIDE_1.15.1/STM32CubeIDE/plugins/com.st.stm32cube.ide.mcu.externaltools.gnu-tools-for-stm32.12.3.rel1.win32_1.0.100.202403111256/tools/bin/../lib/gcc/arm-none-eabi/12.3.1/../../../../arm-none-eabi/bin/ld.exe: C:/Users/lenovo/Desktop/3D_Scanner/3D_Scanner_cpp/DISCO/3D-scanner/Debug/../Core/Src/main.cpp:221: undefined reference to `setSignalRateLimit(float)'
C:/ST/STM32CubeIDE_1.15.1/STM32CubeIDE/plugins/com.st.stm32cube.ide.mcu.externaltools.gnu-tools-for-stm32.12.3.rel1.win32_1.0.100.202403111256/tools/bin/../lib/gcc/arm-none-eabi/12.3.1/../../../../arm-none-eabi/bin/ld.exe: C:/Users/lenovo/Desktop/3D_Scanner/3D_Scanner_cpp/DISCO/3D-scanner/Debug/../Core/Src/main.cpp:222: undefined reference to `setVcselPulsePeriod(vcselPeriodType, unsigned char)'
C:/ST/STM32CubeIDE_1.15.1/STM32CubeIDE/plugins/com.st.stm32cube.ide.mcu.externaltools.gnu-tools-for-stm32.12.3.rel1.win32_1.0.100.202403111256/tools/bin/../lib/gcc/arm-none-eabi/12.3.1/../../../../arm-none-eabi/bin/ld.exe: C:/Users/lenovo/Desktop/3D_Scanner/3D_Scanner_cpp/DISCO/3D-scanner/Debug/../Core/Src/main.cpp:223: undefined reference to `setVcselPulsePeriod(vcselPeriodType, unsigned char)'
C:/ST/STM32CubeIDE_1.15.1/STM32CubeIDE/plugins/com.st.stm32cube.ide.mcu.externaltools.gnu-tools-for-stm32.12.3.rel1.win32_1.0.100.202403111256/tools/bin/../lib/gcc/arm-none-eabi/12.3.1/../../../../arm-none-eabi/bin/ld.exe: C:/Users/lenovo/Desktop/3D_Scanner/3D_Scanner_cpp/DISCO/3D-scanner/Debug/../Core/Src/main.cpp:224: undefined reference to `setMeasurementTimingBudget(unsigned long)'
C:/ST/STM32CubeIDE_1.15.1/STM32CubeIDE/plugins/com.st.stm32cube.ide.mcu.externaltools.gnu-tools-for-stm32.12.3.rel1.win32_1.0.100.202403111256/tools/bin/../lib/gcc/arm-none-eabi/12.3.1/../../../../arm-none-eabi/bin/ld.exe: ./Core/Src/main.o: in function `main':
C:/Users/lenovo/Desktop/3D_Scanner/3D_Scanner_cpp/DISCO/3D-scanner/Debug/../Core/Src/main.cpp:418: undefined reference to `readRangeSingleMillimeters(statInfo_t_VL53L0X*)'
collect2.exe: error: ld returned 1 exit status
make: *** [makefile:100: 3D-scanner.elf] Error 1
"make -j16 all" terminated with exit code 2. Build might be incomplete.
19:28:18 **** Incremental Build of configuration Debug for project 3D-scanner ****
make -j16 all 
arm-none-eabi-g++ "../Core/Src/main.cpp" -mcpu=cortex-m7 -std=gnu++14 -g3 -DDEBUG -DUSE_HAL_DRIVER -DSTM32F746xx -c -I../Core/Inc -I../FATFS/Target -I../FATFS/App -I../USB_HOST/App -I../USB_HOST/Target -I../Drivers/STM32F7xx_HAL_Driver/Inc -I../Drivers/STM32F7xx_HAL_Driver/Inc/Legacy -I../Middlewares/Third_Party/FatFs/src -I../Middlewares/ST/STM32_USB_Host_Library/Core/Inc -I../Middlewares/ST/STM32_USB_Host_Library/Class/CDC/Inc -I../Drivers/CMSIS/Device/ST/STM32F7xx/Include -I../Drivers/CMSIS/Include -I.././ -I"C:/Users/lenovo/Desktop/3D_Scanner/3D_Scanner_cpp/DISCO/3D-scanner/Ext_Kalman_filter" -O0 -ffunction-sections -fdata-sections -fno-exceptions -fno-rtti -fno-use-cxa-atexit -Wall -fstack-usage -fcyclomatic-complexity -MMD -MP -MF"Core/Src/main.d" -MT"Core/Src/main.o" --specs=nano.specs -mfpu=fpv5-sp-d16 -mfloat-abi=hard -mthumb -o "Core/Src/main.o"
../Core/Src/main.cpp: In function 'int main()':
../Core/Src/main.cpp:344:11: warning: unused variable 'usbBufLen' [-Wunused-variable]
  344 |   uint8_t usbBufLen;
      |           ^~~~~~~~~
../Core/Src/main.cpp:345:8: warning: unused variable 'vl53l0x_status' [-Wunused-variable]
  345 |   bool vl53l0x_status = VL53L0X_Init(&hi2c3, usbBuf, sizeof(usbBuf));
      |        ^~~~~~~~~~~~~~
arm-none-eabi-g++ -o "3D-scanner.elf" @"objects.list"   -mcpu=cortex-m7 -T"C:\Users\lenovo\Desktop\3D_Scanner\3D_Scanner_cpp\DISCO\3D-scanner\STM32F746NGHX_FLASH.ld" --specs=nosys.specs -Wl,-Map="3D-scanner.map" -Wl,--gc-sections -static -u _printf_float -lm --specs=nano.specs -mfpu=fpv5-sp-d16 -mfloat-abi=hard -mthumb -Wl,--start-group -lc -lm -lstdc++ -lsupc++ -Wl,--end-group
C:/ST/STM32CubeIDE_1.15.1/STM32CubeIDE/plugins/com.st.stm32cube.ide.mcu.externaltools.gnu-tools-for-stm32.12.3.rel1.win32_1.0.100.202403111256/tools/bin/../lib/gcc/arm-none-eabi/12.3.1/../../../../arm-none-eabi/bin/ld.exe: ./Core/Src/main.o: in function `VL53L0X_Init(__I2C_HandleTypeDef*, char*, unsigned int)':
C:/Users/lenovo/Desktop/3D_Scanner/3D_Scanner_cpp/DISCO/3D-scanner/Debug/../Core/Src/main.cpp:219: undefined reference to `initVL53L0X(unsigned char, __I2C_HandleTypeDef*)'
C:/ST/STM32CubeIDE_1.15.1/STM32CubeIDE/plugins/com.st.stm32cube.ide.mcu.externaltools.gnu-tools-for-stm32.12.3.rel1.win32_1.0.100.202403111256/tools/bin/../lib/gcc/arm-none-eabi/12.3.1/../../../../arm-none-eabi/bin/ld.exe: C:/Users/lenovo/Desktop/3D_Scanner/3D_Scanner_cpp/DISCO/3D-scanner/Debug/../Core/Src/main.cpp:221: undefined reference to `setSignalRateLimit(float)'
C:/ST/STM32CubeIDE_1.15.1/STM32CubeIDE/plugins/com.st.stm32cube.ide.mcu.externaltools.gnu-tools-for-stm32.12.3.rel1.win32_1.0.100.202403111256/tools/bin/../lib/gcc/arm-none-eabi/12.3.1/../../../../arm-none-eabi/bin/ld.exe: C:/Users/lenovo/Desktop/3D_Scanner/3D_Scanner_cpp/DISCO/3D-scanner/Debug/../Core/Src/main.cpp:222: undefined reference to `setVcselPulsePeriod(vcselPeriodType, unsigned char)'
C:/ST/STM32CubeIDE_1.15.1/STM32CubeIDE/plugins/com.st.stm32cube.ide.mcu.externaltools.gnu-tools-for-stm32.12.3.rel1.win32_1.0.100.202403111256/tools/bin/../lib/gcc/arm-none-eabi/12.3.1/../../../../arm-none-eabi/bin/ld.exe: C:/Users/lenovo/Desktop/3D_Scanner/3D_Scanner_cpp/DISCO/3D-scanner/Debug/../Core/Src/main.cpp:223: undefined reference to `setVcselPulsePeriod(vcselPeriodType, unsigned char)'
C:/ST/STM32CubeIDE_1.15.1/STM32CubeIDE/plugins/com.st.stm32cube.ide.mcu.externaltools.gnu-tools-for-stm32.12.3.rel1.win32_1.0.100.202403111256/tools/bin/../lib/gcc/arm-none-eabi/12.3.1/../../../../arm-none-eabi/bin/ld.exe: C:/Users/lenovo/Desktop/3D_Scanner/3D_Scanner_cpp/DISCO/3D-scanner/Debug/../Core/Src/main.cpp:224: undefined reference to `setMeasurementTimingBudget(unsigned long)'
C:/ST/STM32CubeIDE_1.15.1/STM32CubeIDE/plugins/com.st.stm32cube.ide.mcu.externaltools.gnu-tools-for-stm32.12.3.rel1.win32_1.0.100.202403111256/tools/bin/../lib/gcc/arm-none-eabi/12.3.1/../../../../arm-none-eabi/bin/ld.exe: ./Core/Src/main.o: in function `main':
C:/Users/lenovo/Desktop/3D_Scanner/3D_Scanner_cpp/DISCO/3D-scanner/Debug/../Core/Src/main.cpp:418: undefined reference to `readRangeSingleMillimeters(statInfo_t_VL53L0X*)'
collect2.exe: error: ld returned 1 exit status
make: *** [makefile:100: 3D-scanner.elf] Error 1
"make -j16 all" terminated with exit code 2. Build might be incomplete.
19:30:35 **** Incremental Build of configuration Debug for project 3D-scanner ****
make -j16 all 
arm-none-eabi-g++ "../Core/Src/main.cpp" -mcpu=cortex-m7 -std=gnu++14 -g3 -DDEBUG -DUSE_HAL_DRIVER -DSTM32F746xx -c -I../Core/Inc -I../FATFS/Target -I../FATFS/App -I../USB_HOST/App -I../USB_HOST/Target -I../Drivers/STM32F7xx_HAL_Driver/Inc -I../Drivers/STM32F7xx_HAL_Driver/Inc/Legacy -I../Middlewares/Third_Party/FatFs/src -I../Middlewares/ST/STM32_USB_Host_Library/Core/Inc -I../Middlewares/ST/STM32_USB_Host_Library/Class/CDC/Inc -I../Drivers/CMSIS/Device/ST/STM32F7xx/Include -I../Drivers/CMSIS/Include -I.././ -I"C:/Users/lenovo/Desktop/3D_Scanner/3D_Scanner_cpp/DISCO/3D-scanner/Ext_Kalman_filter" -O0 -ffunction-sections -fdata-sections -fno-exceptions -fno-rtti -fno-use-cxa-atexit -Wall -fstack-usage -fcyclomatic-complexity -MMD -MP -MF"Core/Src/main.d" -MT"Core/Src/main.o" --specs=nano.specs -mfpu=fpv5-sp-d16 -mfloat-abi=hard -mthumb -o "Core/Src/main.o"
../Core/Src/main.cpp: In function 'uint8_t VL53L0X_Init(I2C_HandleTypeDef*, char*, size_t)':
../Core/Src/main.cpp:219:18: error: cannot convert 'I2C_HandleTypeDef**' {aka '__I2C_HandleTypeDef**'} to 'I2C_HandleTypeDef*' {aka '__I2C_HandleTypeDef*'}
  219 |   initVL53L0X(1, &hi2c);
      |                  ^~~~~
      |                  |
      |                  I2C_HandleTypeDef** {aka __I2C_HandleTypeDef**}
In file included from ../Core/Src/main.cpp:32:
.././vl53l0x/vl53l0x.h:150:53: note:   initializing argument 2 of 'uint8_t initVL53L0X(uint8_t, I2C_HandleTypeDef*)'
  150 | uint8_t initVL53L0X(bool io_2v8, I2C_HandleTypeDef *handler);
      |                                  ~~~~~~~~~~~~~~~~~~~^~~~~~~
../Core/Src/main.cpp: In function 'int main()':
../Core/Src/main.cpp:344:11: warning: unused variable 'usbBufLen' [-Wunused-variable]
  344 |   uint8_t usbBufLen;
      |           ^~~~~~~~~
../Core/Src/main.cpp:345:8: warning: unused variable 'vl53l0x_status' [-Wunused-variable]
  345 |   bool vl53l0x_status = VL53L0X_Init(&hi2c3, usbBuf, sizeof(usbBuf));
      |        ^~~~~~~~~~~~~~
make: *** [Core/Src/subdir.mk:41: Core/Src/main.o] Error 1
"make -j16 all" terminated with exit code 2. Build might be incomplete.
19:31:12 **** Incremental Build of configuration Debug for project 3D-scanner ****
make -j16 all 
arm-none-eabi-g++ "../Core/Src/main.cpp" -mcpu=cortex-m7 -std=gnu++14 -g3 -DDEBUG -DUSE_HAL_DRIVER -DSTM32F746xx -c -I../Core/Inc -I../FATFS/Target -I../FATFS/App -I../USB_HOST/App -I../USB_HOST/Target -I../Drivers/STM32F7xx_HAL_Driver/Inc -I../Drivers/STM32F7xx_HAL_Driver/Inc/Legacy -I../Middlewares/Third_Party/FatFs/src -I../Middlewares/ST/STM32_USB_Host_Library/Core/Inc -I../Middlewares/ST/STM32_USB_Host_Library/Class/CDC/Inc -I../Drivers/CMSIS/Device/ST/STM32F7xx/Include -I../Drivers/CMSIS/Include -I.././ -I"C:/Users/lenovo/Desktop/3D_Scanner/3D_Scanner_cpp/DISCO/3D-scanner/Ext_Kalman_filter" -O0 -ffunction-sections -fdata-sections -fno-exceptions -fno-rtti -fno-use-cxa-atexit -Wall -fstack-usage -fcyclomatic-complexity -MMD -MP -MF"Core/Src/main.d" -MT"Core/Src/main.o" --specs=nano.specs -mfpu=fpv5-sp-d16 -mfloat-abi=hard -mthumb -o "Core/Src/main.o"
../Core/Src/main.cpp: In function 'int main()':
../Core/Src/main.cpp:344:11: warning: unused variable 'usbBufLen' [-Wunused-variable]
  344 |   uint8_t usbBufLen;
      |           ^~~~~~~~~
../Core/Src/main.cpp:345:8: warning: unused variable 'vl53l0x_status' [-Wunused-variable]
  345 |   bool vl53l0x_status = VL53L0X_Init(&hi2c3, usbBuf, sizeof(usbBuf));
      |        ^~~~~~~~~~~~~~
arm-none-eabi-g++ -o "3D-scanner.elf" @"objects.list"   -mcpu=cortex-m7 -T"C:\Users\lenovo\Desktop\3D_Scanner\3D_Scanner_cpp\DISCO\3D-scanner\STM32F746NGHX_FLASH.ld" --specs=nosys.specs -Wl,-Map="3D-scanner.map" -Wl,--gc-sections -static -u _printf_float -lm --specs=nano.specs -mfpu=fpv5-sp-d16 -mfloat-abi=hard -mthumb -Wl,--start-group -lc -lm -lstdc++ -lsupc++ -Wl,--end-group
C:/ST/STM32CubeIDE_1.15.1/STM32CubeIDE/plugins/com.st.stm32cube.ide.mcu.externaltools.gnu-tools-for-stm32.12.3.rel1.win32_1.0.100.202403111256/tools/bin/../lib/gcc/arm-none-eabi/12.3.1/../../../../arm-none-eabi/bin/ld.exe: ./Core/Src/main.o: in function `VL53L0X_Init(__I2C_HandleTypeDef*, char*, unsigned int)':
C:/Users/lenovo/Desktop/3D_Scanner/3D_Scanner_cpp/DISCO/3D-scanner/Debug/../Core/Src/main.cpp:219: undefined reference to `initVL53L0X(unsigned char, __I2C_HandleTypeDef*)'
C:/ST/STM32CubeIDE_1.15.1/STM32CubeIDE/plugins/com.st.stm32cube.ide.mcu.externaltools.gnu-tools-for-stm32.12.3.rel1.win32_1.0.100.202403111256/tools/bin/../lib/gcc/arm-none-eabi/12.3.1/../../../../arm-none-eabi/bin/ld.exe: C:/Users/lenovo/Desktop/3D_Scanner/3D_Scanner_cpp/DISCO/3D-scanner/Debug/../Core/Src/main.cpp:221: undefined reference to `setSignalRateLimit(float)'
C:/ST/STM32CubeIDE_1.15.1/STM32CubeIDE/plugins/com.st.stm32cube.ide.mcu.externaltools.gnu-tools-for-stm32.12.3.rel1.win32_1.0.100.202403111256/tools/bin/../lib/gcc/arm-none-eabi/12.3.1/../../../../arm-none-eabi/bin/ld.exe: C:/Users/lenovo/Desktop/3D_Scanner/3D_Scanner_cpp/DISCO/3D-scanner/Debug/../Core/Src/main.cpp:222: undefined reference to `setVcselPulsePeriod(vcselPeriodType, unsigned char)'
C:/ST/STM32CubeIDE_1.15.1/STM32CubeIDE/plugins/com.st.stm32cube.ide.mcu.externaltools.gnu-tools-for-stm32.12.3.rel1.win32_1.0.100.202403111256/tools/bin/../lib/gcc/arm-none-eabi/12.3.1/../../../../arm-none-eabi/bin/ld.exe: C:/Users/lenovo/Desktop/3D_Scanner/3D_Scanner_cpp/DISCO/3D-scanner/Debug/../Core/Src/main.cpp:223: undefined reference to `setVcselPulsePeriod(vcselPeriodType, unsigned char)'
C:/ST/STM32CubeIDE_1.15.1/STM32CubeIDE/plugins/com.st.stm32cube.ide.mcu.externaltools.gnu-tools-for-stm32.12.3.rel1.win32_1.0.100.202403111256/tools/bin/../lib/gcc/arm-none-eabi/12.3.1/../../../../arm-none-eabi/bin/ld.exe: C:/Users/lenovo/Desktop/3D_Scanner/3D_Scanner_cpp/DISCO/3D-scanner/Debug/../Core/Src/main.cpp:224: undefined reference to `setMeasurementTimingBudget(unsigned long)'
C:/ST/STM32CubeIDE_1.15.1/STM32CubeIDE/plugins/com.st.stm32cube.ide.mcu.externaltools.gnu-tools-for-stm32.12.3.rel1.win32_1.0.100.202403111256/tools/bin/../lib/gcc/arm-none-eabi/12.3.1/../../../../arm-none-eabi/bin/ld.exe: ./Core/Src/main.o: in function `main':
C:/Users/lenovo/Desktop/3D_Scanner/3D_Scanner_cpp/DISCO/3D-scanner/Debug/../Core/Src/main.cpp:418: undefined reference to `readRangeSingleMillimeters(statInfo_t_VL53L0X*)'
collect2.exe: error: ld returned 1 exit status
make: *** [makefile:100: 3D-scanner.elf] Error 1
"make -j16 all" terminated with exit code 2. Build might be incomplete.
